<?xml version="1.0" encoding="UTF-8"?>
<!-- Generated by org.testng.reporters.JUnitReportReporter -->
<testsuite skipped="0" hostname="WHQPC-L82713" name="com.navistar.occ.testsuites.TC004_VehicleList" tests="1" failures="0" timestamp="26 Sep 2017 01:03:43 GMT" time="128.233" errors="0">
  <testcase name="testLandingPage" time="128.233" classname="com.navistar.occ.testsuites.TC004_VehicleList"/>
</testsuite> <!-- com.navistar.occ.testsuites.TC004_VehicleList -->
