<?xml version="1.0" encoding="UTF-8"?>
<!-- Generated by org.testng.reporters.JUnitReportReporter -->
<testsuite skipped="0" hostname="WHQPC-L82713" name="com.test.automation.uiAutomation.login.TC001_LogIn" tests="1" failures="0" timestamp="19 Sep 2017 21:32:23 GMT" time="8.454" errors="0">
  <testcase name="testRegistraionWithValidData" time="8.454" classname="com.test.automation.uiAutomation.login.TC001_LogIn"/>
</testsuite> <!-- com.test.automation.uiAutomation.login.TC001_LogIn -->
