<?xml version="1.0" encoding="UTF-8"?>
<!-- Generated by org.testng.reporters.JUnitReportReporter -->
<testsuite skipped="0" hostname="WHQPC-L82713" name="com.navistar.occ.testsuites.TC001_LogIn" tests="1" failures="0" timestamp="21 Sep 2017 00:55:42 GMT" time="5.394" errors="0">
  <testcase name="testLoginWithValidData" time="5.394" classname="com.navistar.occ.testsuites.TC001_LogIn"/>
</testsuite> <!-- com.navistar.occ.testsuites.TC001_LogIn -->
