<?xml version="1.0" encoding="UTF-8"?>
<!-- Generated by org.testng.reporters.JUnitReportReporter -->
<testsuite skipped="0" hostname="WHQPC-L82713" name="com.navistar.occ.testscripts.TC002_OCCHome" tests="1" failures="0" timestamp="18 Sep 2017 21:42:02 GMT" time="9.226" errors="0">
  <testcase name="testRegistraionWithValidData" time="9.226" classname="com.navistar.occ.testscripts.TC002_OCCHome"/>
</testsuite> <!-- com.navistar.occ.testscripts.TC002_OCCHome -->
