<?xml version="1.0" encoding="UTF-8"?>
<!-- Generated by org.testng.reporters.JUnitReportReporter -->
<testsuite skipped="0" hostname="WHQPC-L82713" name="com.navistar.occ.testscripts.TC001_testLogin" tests="1" failures="0" timestamp="18 Sep 2017 18:48:35 GMT" time="5.261" errors="0">
  <testcase name="testRegistraionWithValidData" time="5.261" classname="com.navistar.occ.testscripts.TC001_testLogin"/>
</testsuite> <!-- com.navistar.occ.testscripts.TC001_testLogin -->
