<?xml version="1.0" encoding="UTF-8"?>
<!-- Generated by org.testng.reporters.JUnitReportReporter -->
<testsuite skipped="0" hostname="WHQPC-L82713" name="com.navistar.occ.testsuites.TC003_OCCLandingPage" tests="1" failures="0" timestamp="22 Sep 2017 03:33:33 GMT" time="132.911" errors="0">
  <testcase name="testLandingPage" time="132.911" classname="com.navistar.occ.testsuites.TC003_OCCLandingPage"/>
</testsuite> <!-- com.navistar.occ.testsuites.TC003_OCCLandingPage -->
