<?xml version="1.0" encoding="UTF-8"?>
<!-- Generated by org.testng.reporters.JUnitReportReporter -->
<testsuite skipped="0" hostname="WHQPC-L82713" name="com.navistar.occ.testsuites.TC004_Testing" tests="1" failures="0" timestamp="23 Sep 2017 22:25:16 GMT" time="68.912" errors="0">
  <testcase name="testRegistraionWithValidData" time="68.912" classname="com.navistar.occ.testsuites.TC004_Testing"/>
</testsuite> <!-- com.navistar.occ.testsuites.TC004_Testing -->
