<?xml version="1.0" encoding="UTF-8"?>
<!-- Generated by org.testng.reporters.JUnitReportReporter -->
<testsuite skipped="0" hostname="WHQPC-L82713" name="com.navistar.occ.testsuites.FuelTaxIfta" tests="1" failures="0" timestamp="04 Oct 2017 02:53:43 GMT" time="18.099" errors="0">
  <testcase name="FuelTaxDetails" time="18.099" classname="com.navistar.occ.testsuites.FuelTaxIfta"/>
</testsuite> <!-- com.navistar.occ.testsuites.FuelTaxIfta -->
