<?xml version="1.0" encoding="UTF-8"?>
<!-- Generated by org.testng.reporters.JUnitReportReporter -->
<testsuite skipped="0" hostname="WHQPC-L82713" name="com.navistar.occ.testsuites.VehicleListDetails" tests="1" failures="0" timestamp="30 Sep 2017 18:14:16 GMT" time="18.941" errors="0">
  <testcase name="DetailCapture" time="18.941" classname="com.navistar.occ.testsuites.VehicleListDetails"/>
</testsuite> <!-- com.navistar.occ.testsuites.VehicleListDetails -->
