<?xml version="1.0" encoding="UTF-8"?>
<testsuite xmlns:xsi="http://www.w3.org/2001/XMLSchema-instance" xsi:noNamespaceSchemaLocation="https://maven.apache.org/surefire/maven-surefire-plugin/xsd/surefire-test-report.xsd" name="TestSuite" time="50.607" tests="1" errors="0" skipped="0" failures="1">
  <properties>
    <property name="sun.desktop" value="windows"/>
    <property name="awt.toolkit" value="sun.awt.windows.WToolkit"/>
    <property name="file.encoding.pkg" value="sun.io"/>
    <property name="java.specification.version" value="1.8"/>
    <property name="sun.cpu.isalist" value="amd64"/>
    <property name="sun.jnu.encoding" value="Cp1252"/>
    <property name="java.class.path" value="C:\Users\Jarvis\workspace\StockDataProject\StockData\target\test-classes;C:\Users\Jarvis\workspace\StockDataProject\StockData\target\classes;C:\Users\Jarvis\workspace\StockDataProject\.repository\com\beust\jcommander\1.72\jcommander-1.72.jar;C:\Users\Jarvis\workspace\StockDataProject\.repository\junit\junit\3.8.1\junit-3.8.1.jar;C:\Users\Jarvis\workspace\StockDataProject\.repository\org\seleniumhq\selenium\selenium-java\2.53.0\selenium-java-2.53.0.jar;C:\Users\Jarvis\workspace\StockDataProject\.repository\org\seleniumhq\selenium\selenium-chrome-driver\2.53.0\selenium-chrome-driver-2.53.0.jar;C:\Users\Jarvis\workspace\StockDataProject\.repository\org\seleniumhq\selenium\selenium-remote-driver\2.53.0\selenium-remote-driver-2.53.0.jar;C:\Users\Jarvis\workspace\StockDataProject\.repository\cglib\cglib-nodep\2.1_3\cglib-nodep-2.1_3.jar;C:\Users\Jarvis\workspace\StockDataProject\.repository\com\google\code\gson\gson\2.3.1\gson-2.3.1.jar;C:\Users\Jarvis\workspace\StockDataProject\.repository\org\seleniumhq\selenium\selenium-api\2.53.0\selenium-api-2.53.0.jar;C:\Users\Jarvis\workspace\StockDataProject\.repository\org\apache\httpcomponents\httpclient\4.5.1\httpclient-4.5.1.jar;C:\Users\Jarvis\workspace\StockDataProject\.repository\org\apache\httpcomponents\httpcore\4.4.3\httpcore-4.4.3.jar;C:\Users\Jarvis\workspace\StockDataProject\.repository\commons-logging\commons-logging\1.2\commons-logging-1.2.jar;C:\Users\Jarvis\workspace\StockDataProject\.repository\commons-codec\commons-codec\1.9\commons-codec-1.9.jar;C:\Users\Jarvis\workspace\StockDataProject\.repository\com\google\guava\guava\19.0\guava-19.0.jar;C:\Users\Jarvis\workspace\StockDataProject\.repository\org\seleniumhq\selenium\selenium-edge-driver\2.53.0\selenium-edge-driver-2.53.0.jar;C:\Users\Jarvis\workspace\StockDataProject\.repository\commons-io\commons-io\2.4\commons-io-2.4.jar;C:\Users\Jarvis\workspace\StockDataProject\.repository\org\apache\commons\commons-exec\1.3\commons-exec-1.3.jar;C:\Users\Jarvis\workspace\StockDataProject\.repository\org\seleniumhq\selenium\selenium-firefox-driver\2.53.0\selenium-firefox-driver-2.53.0.jar;C:\Users\Jarvis\workspace\StockDataProject\.repository\org\seleniumhq\selenium\selenium-ie-driver\2.53.0\selenium-ie-driver-2.53.0.jar;C:\Users\Jarvis\workspace\StockDataProject\.repository\net\java\dev\jna\jna\4.1.0\jna-4.1.0.jar;C:\Users\Jarvis\workspace\StockDataProject\.repository\net\java\dev\jna\jna-platform\4.1.0\jna-platform-4.1.0.jar;C:\Users\Jarvis\workspace\StockDataProject\.repository\org\seleniumhq\selenium\selenium-safari-driver\2.53.0\selenium-safari-driver-2.53.0.jar;C:\Users\Jarvis\workspace\StockDataProject\.repository\io\netty\netty\3.5.7.Final\netty-3.5.7.Final.jar;C:\Users\Jarvis\workspace\StockDataProject\.repository\org\seleniumhq\selenium\selenium-support\2.53.0\selenium-support-2.53.0.jar;C:\Users\Jarvis\workspace\StockDataProject\.repository\org\seleniumhq\selenium\selenium-leg-rc\2.53.0\selenium-leg-rc-2.53.0.jar;C:\Users\Jarvis\workspace\StockDataProject\.repository\org\testng\testng\6.13\testng-6.13.jar;C:\Users\Jarvis\workspace\StockDataProject\.repository\com\codoid\products\fillo\1.18\fillo-1.18.jar;C:\Users\Jarvis\workspace\StockDataProject\.repository\org\apache\maven\plugins\maven-compiler-plugin\3.8.0\maven-compiler-plugin-3.8.0.jar;C:\Users\Jarvis\workspace\StockDataProject\.repository\org\apache\maven\maven-plugin-api\3.0\maven-plugin-api-3.0.jar;C:\Users\Jarvis\workspace\StockDataProject\.repository\org\apache\maven\maven-model\3.0\maven-model-3.0.jar;C:\Users\Jarvis\workspace\StockDataProject\.repository\org\sonatype\sisu\sisu-inject-plexus\1.4.2\sisu-inject-plexus-1.4.2.jar;C:\Users\Jarvis\workspace\StockDataProject\.repository\org\sonatype\sisu\sisu-inject-bean\1.4.2\sisu-inject-bean-1.4.2.jar;C:\Users\Jarvis\workspace\StockDataProject\.repository\org\sonatype\sisu\sisu-guice\2.1.7\sisu-guice-2.1.7-noaop.jar;C:\Users\Jarvis\workspace\StockDataProject\.repository\org\apache\maven\maven-artifact\3.0\maven-artifact-3.0.jar;C:\Users\Jarvis\workspace\StockDataProject\.repository\org\codehaus\plexus\plexus-utils\2.0.4\plexus-utils-2.0.4.jar;C:\Users\Jarvis\workspace\StockDataProject\.repository\org\apache\maven\maven-core\3.0\maven-core-3.0.jar;C:\Users\Jarvis\workspace\StockDataProject\.repository\org\apache\maven\maven-settings\3.0\maven-settings-3.0.jar;C:\Users\Jarvis\workspace\StockDataProject\.repository\org\apache\maven\maven-settings-builder\3.0\maven-settings-builder-3.0.jar;C:\Users\Jarvis\workspace\StockDataProject\.repository\org\apache\maven\maven-repository-metadata\3.0\maven-repository-metadata-3.0.jar;C:\Users\Jarvis\workspace\StockDataProject\.repository\org\apache\maven\maven-model-builder\3.0\maven-model-builder-3.0.jar;C:\Users\Jarvis\workspace\StockDataProject\.repository\org\apache\maven\maven-aether-provider\3.0\maven-aether-provider-3.0.jar;C:\Users\Jarvis\workspace\StockDataProject\.repository\org\sonatype\aether\aether-impl\1.7\aether-impl-1.7.jar;C:\Users\Jarvis\workspace\StockDataProject\.repository\org\sonatype\aether\aether-spi\1.7\aether-spi-1.7.jar;C:\Users\Jarvis\workspace\StockDataProject\.repository\org\sonatype\aether\aether-api\1.7\aether-api-1.7.jar;C:\Users\Jarvis\workspace\StockDataProject\.repository\org\sonatype\aether\aether-util\1.7\aether-util-1.7.jar;C:\Users\Jarvis\workspace\StockDataProject\.repository\org\codehaus\plexus\plexus-interpolation\1.14\plexus-interpolation-1.14.jar;C:\Users\Jarvis\workspace\StockDataProject\.repository\org\codehaus\plexus\plexus-classworlds\2.2.3\plexus-classworlds-2.2.3.jar;C:\Users\Jarvis\workspace\StockDataProject\.repository\org\codehaus\plexus\plexus-component-annotations\1.5.5\plexus-component-annotations-1.5.5.jar;C:\Users\Jarvis\workspace\StockDataProject\.repository\org\sonatype\plexus\plexus-sec-dispatcher\1.3\plexus-sec-dispatcher-1.3.jar;C:\Users\Jarvis\workspace\StockDataProject\.repository\org\sonatype\plexus\plexus-cipher\1.4\plexus-cipher-1.4.jar;C:\Users\Jarvis\workspace\StockDataProject\.repository\org\apache\maven\shared\maven-shared-utils\3.2.1\maven-shared-utils-3.2.1.jar;C:\Users\Jarvis\workspace\StockDataProject\.repository\org\apache\maven\shared\maven-shared-incremental\1.1\maven-shared-incremental-1.1.jar;C:\Users\Jarvis\workspace\StockDataProject\.repository\org\codehaus\plexus\plexus-java\0.9.10\plexus-java-0.9.10.jar;C:\Users\Jarvis\workspace\StockDataProject\.repository\org\ow2\asm\asm\6.2\asm-6.2.jar;C:\Users\Jarvis\workspace\StockDataProject\.repository\com\thoughtworks\qdox\qdox\2.0-M8\qdox-2.0-M8.jar;C:\Users\Jarvis\workspace\StockDataProject\.repository\org\codehaus\plexus\plexus-compiler-api\2.8.4\plexus-compiler-api-2.8.4.jar;C:\Users\Jarvis\workspace\StockDataProject\.repository\org\codehaus\plexus\plexus-compiler-manager\2.8.4\plexus-compiler-manager-2.8.4.jar;C:\Users\Jarvis\workspace\StockDataProject\.repository\org\codehaus\plexus\plexus-compiler-javac\2.8.4\plexus-compiler-javac-2.8.4.jar;C:\Users\Jarvis\workspace\StockDataProject\.repository\org\apache\maven\plugins\maven-surefire-plugin\3.0.0-M1\maven-surefire-plugin-3.0.0-M1.jar;C:\Users\Jarvis\workspace\StockDataProject\.repository\org\apache\maven\surefire\maven-surefire-common\3.0.0-M1\maven-surefire-common-3.0.0-M1.jar;C:\Users\Jarvis\workspace\StockDataProject\.repository\org\apache\maven\surefire\surefire-api\3.0.0-M1\surefire-api-3.0.0-M1.jar;C:\Users\Jarvis\workspace\StockDataProject\.repository\org\apache\maven\surefire\surefire-logger-api\3.0.0-M1\surefire-logger-api-3.0.0-M1.jar;C:\Users\Jarvis\workspace\StockDataProject\.repository\org\apache\maven\surefire\surefire-booter\3.0.0-M1\surefire-booter-3.0.0-M1.jar;C:\Users\Jarvis\workspace\StockDataProject\.repository\org\apache\maven\maven-toolchain\3.0-alpha-2\maven-toolchain-3.0-alpha-2.jar;C:\Users\Jarvis\workspace\StockDataProject\.repository\org\apache\maven\maven-compat\3.0-alpha-2\maven-compat-3.0-alpha-2.jar;C:\Users\Jarvis\workspace\StockDataProject\.repository\org\codehaus\plexus\plexus-container-default\1.0-beta-3.0.5\plexus-container-default-1.0-beta-3.0.5.jar;C:\Users\Jarvis\workspace\StockDataProject\.repository\org\apache\xbean\xbean-reflect\3.4\xbean-reflect-3.4.jar;C:\Users\Jarvis\workspace\StockDataProject\.repository\log4j\log4j\1.2.12\log4j-1.2.12.jar;C:\Users\Jarvis\workspace\StockDataProject\.repository\commons-logging\commons-logging-api\1.1\commons-logging-api-1.1.jar;C:\Users\Jarvis\workspace\StockDataProject\.repository\com\google\code\google-collections\google-collect\snapshot-20080530\google-collect-snapshot-20080530.jar;C:\Users\Jarvis\workspace\StockDataProject\.repository\org\apache\maven\wagon\wagon-provider-api\1.0-beta-4\wagon-provider-api-1.0-beta-4.jar;"/>
    <property name="java.vm.vendor" value="Oracle Corporation"/>
    <property name="sun.arch.data.model" value="64"/>
    <property name="user.variant" value=""/>
    <property name="java.vendor.url" value="http://java.oracle.com/"/>
    <property name="user.timezone" value="Asia/Calcutta"/>
    <property name="java.vm.specification.version" value="1.8"/>
    <property name="os.name" value="Windows 7"/>
    <property name="user.country" value="US"/>
    <property name="sun.java.launcher" value="SUN_STANDARD"/>
    <property name="sun.boot.library.path" value="C:\Program Files\Java\jdk1.8.0_171\jre\bin"/>
    <property name="sun.java.command" value="C:\Windows\TEMP\surefire5621131219021104545\surefirebooter3865159144841393346.jar C:\Windows\Temp\surefire5621131219021104545 2018-12-26T20-45-16_708-jvmRun1 surefire4244386794004794528tmp surefire_06446690003125799543tmp"/>
    <property name="surefire.test.class.path" value="C:\Users\Jarvis\workspace\StockDataProject\StockData\target\test-classes;C:\Users\Jarvis\workspace\StockDataProject\StockData\target\classes;C:\Users\Jarvis\workspace\StockDataProject\.repository\com\beust\jcommander\1.72\jcommander-1.72.jar;C:\Users\Jarvis\workspace\StockDataProject\.repository\junit\junit\3.8.1\junit-3.8.1.jar;C:\Users\Jarvis\workspace\StockDataProject\.repository\org\seleniumhq\selenium\selenium-java\2.53.0\selenium-java-2.53.0.jar;C:\Users\Jarvis\workspace\StockDataProject\.repository\org\seleniumhq\selenium\selenium-chrome-driver\2.53.0\selenium-chrome-driver-2.53.0.jar;C:\Users\Jarvis\workspace\StockDataProject\.repository\org\seleniumhq\selenium\selenium-remote-driver\2.53.0\selenium-remote-driver-2.53.0.jar;C:\Users\Jarvis\workspace\StockDataProject\.repository\cglib\cglib-nodep\2.1_3\cglib-nodep-2.1_3.jar;C:\Users\Jarvis\workspace\StockDataProject\.repository\com\google\code\gson\gson\2.3.1\gson-2.3.1.jar;C:\Users\Jarvis\workspace\StockDataProject\.repository\org\seleniumhq\selenium\selenium-api\2.53.0\selenium-api-2.53.0.jar;C:\Users\Jarvis\workspace\StockDataProject\.repository\org\apache\httpcomponents\httpclient\4.5.1\httpclient-4.5.1.jar;C:\Users\Jarvis\workspace\StockDataProject\.repository\org\apache\httpcomponents\httpcore\4.4.3\httpcore-4.4.3.jar;C:\Users\Jarvis\workspace\StockDataProject\.repository\commons-logging\commons-logging\1.2\commons-logging-1.2.jar;C:\Users\Jarvis\workspace\StockDataProject\.repository\commons-codec\commons-codec\1.9\commons-codec-1.9.jar;C:\Users\Jarvis\workspace\StockDataProject\.repository\com\google\guava\guava\19.0\guava-19.0.jar;C:\Users\Jarvis\workspace\StockDataProject\.repository\org\seleniumhq\selenium\selenium-edge-driver\2.53.0\selenium-edge-driver-2.53.0.jar;C:\Users\Jarvis\workspace\StockDataProject\.repository\commons-io\commons-io\2.4\commons-io-2.4.jar;C:\Users\Jarvis\workspace\StockDataProject\.repository\org\apache\commons\commons-exec\1.3\commons-exec-1.3.jar;C:\Users\Jarvis\workspace\StockDataProject\.repository\org\seleniumhq\selenium\selenium-firefox-driver\2.53.0\selenium-firefox-driver-2.53.0.jar;C:\Users\Jarvis\workspace\StockDataProject\.repository\org\seleniumhq\selenium\selenium-ie-driver\2.53.0\selenium-ie-driver-2.53.0.jar;C:\Users\Jarvis\workspace\StockDataProject\.repository\net\java\dev\jna\jna\4.1.0\jna-4.1.0.jar;C:\Users\Jarvis\workspace\StockDataProject\.repository\net\java\dev\jna\jna-platform\4.1.0\jna-platform-4.1.0.jar;C:\Users\Jarvis\workspace\StockDataProject\.repository\org\seleniumhq\selenium\selenium-safari-driver\2.53.0\selenium-safari-driver-2.53.0.jar;C:\Users\Jarvis\workspace\StockDataProject\.repository\io\netty\netty\3.5.7.Final\netty-3.5.7.Final.jar;C:\Users\Jarvis\workspace\StockDataProject\.repository\org\seleniumhq\selenium\selenium-support\2.53.0\selenium-support-2.53.0.jar;C:\Users\Jarvis\workspace\StockDataProject\.repository\org\seleniumhq\selenium\selenium-leg-rc\2.53.0\selenium-leg-rc-2.53.0.jar;C:\Users\Jarvis\workspace\StockDataProject\.repository\org\testng\testng\6.13\testng-6.13.jar;C:\Users\Jarvis\workspace\StockDataProject\.repository\com\codoid\products\fillo\1.18\fillo-1.18.jar;C:\Users\Jarvis\workspace\StockDataProject\.repository\org\apache\maven\plugins\maven-compiler-plugin\3.8.0\maven-compiler-plugin-3.8.0.jar;C:\Users\Jarvis\workspace\StockDataProject\.repository\org\apache\maven\maven-plugin-api\3.0\maven-plugin-api-3.0.jar;C:\Users\Jarvis\workspace\StockDataProject\.repository\org\apache\maven\maven-model\3.0\maven-model-3.0.jar;C:\Users\Jarvis\workspace\StockDataProject\.repository\org\sonatype\sisu\sisu-inject-plexus\1.4.2\sisu-inject-plexus-1.4.2.jar;C:\Users\Jarvis\workspace\StockDataProject\.repository\org\sonatype\sisu\sisu-inject-bean\1.4.2\sisu-inject-bean-1.4.2.jar;C:\Users\Jarvis\workspace\StockDataProject\.repository\org\sonatype\sisu\sisu-guice\2.1.7\sisu-guice-2.1.7-noaop.jar;C:\Users\Jarvis\workspace\StockDataProject\.repository\org\apache\maven\maven-artifact\3.0\maven-artifact-3.0.jar;C:\Users\Jarvis\workspace\StockDataProject\.repository\org\codehaus\plexus\plexus-utils\2.0.4\plexus-utils-2.0.4.jar;C:\Users\Jarvis\workspace\StockDataProject\.repository\org\apache\maven\maven-core\3.0\maven-core-3.0.jar;C:\Users\Jarvis\workspace\StockDataProject\.repository\org\apache\maven\maven-settings\3.0\maven-settings-3.0.jar;C:\Users\Jarvis\workspace\StockDataProject\.repository\org\apache\maven\maven-settings-builder\3.0\maven-settings-builder-3.0.jar;C:\Users\Jarvis\workspace\StockDataProject\.repository\org\apache\maven\maven-repository-metadata\3.0\maven-repository-metadata-3.0.jar;C:\Users\Jarvis\workspace\StockDataProject\.repository\org\apache\maven\maven-model-builder\3.0\maven-model-builder-3.0.jar;C:\Users\Jarvis\workspace\StockDataProject\.repository\org\apache\maven\maven-aether-provider\3.0\maven-aether-provider-3.0.jar;C:\Users\Jarvis\workspace\StockDataProject\.repository\org\sonatype\aether\aether-impl\1.7\aether-impl-1.7.jar;C:\Users\Jarvis\workspace\StockDataProject\.repository\org\sonatype\aether\aether-spi\1.7\aether-spi-1.7.jar;C:\Users\Jarvis\workspace\StockDataProject\.repository\org\sonatype\aether\aether-api\1.7\aether-api-1.7.jar;C:\Users\Jarvis\workspace\StockDataProject\.repository\org\sonatype\aether\aether-util\1.7\aether-util-1.7.jar;C:\Users\Jarvis\workspace\StockDataProject\.repository\org\codehaus\plexus\plexus-interpolation\1.14\plexus-interpolation-1.14.jar;C:\Users\Jarvis\workspace\StockDataProject\.repository\org\codehaus\plexus\plexus-classworlds\2.2.3\plexus-classworlds-2.2.3.jar;C:\Users\Jarvis\workspace\StockDataProject\.repository\org\codehaus\plexus\plexus-component-annotations\1.5.5\plexus-component-annotations-1.5.5.jar;C:\Users\Jarvis\workspace\StockDataProject\.repository\org\sonatype\plexus\plexus-sec-dispatcher\1.3\plexus-sec-dispatcher-1.3.jar;C:\Users\Jarvis\workspace\StockDataProject\.repository\org\sonatype\plexus\plexus-cipher\1.4\plexus-cipher-1.4.jar;C:\Users\Jarvis\workspace\StockDataProject\.repository\org\apache\maven\shared\maven-shared-utils\3.2.1\maven-shared-utils-3.2.1.jar;C:\Users\Jarvis\workspace\StockDataProject\.repository\org\apache\maven\shared\maven-shared-incremental\1.1\maven-shared-incremental-1.1.jar;C:\Users\Jarvis\workspace\StockDataProject\.repository\org\codehaus\plexus\plexus-java\0.9.10\plexus-java-0.9.10.jar;C:\Users\Jarvis\workspace\StockDataProject\.repository\org\ow2\asm\asm\6.2\asm-6.2.jar;C:\Users\Jarvis\workspace\StockDataProject\.repository\com\thoughtworks\qdox\qdox\2.0-M8\qdox-2.0-M8.jar;C:\Users\Jarvis\workspace\StockDataProject\.repository\org\codehaus\plexus\plexus-compiler-api\2.8.4\plexus-compiler-api-2.8.4.jar;C:\Users\Jarvis\workspace\StockDataProject\.repository\org\codehaus\plexus\plexus-compiler-manager\2.8.4\plexus-compiler-manager-2.8.4.jar;C:\Users\Jarvis\workspace\StockDataProject\.repository\org\codehaus\plexus\plexus-compiler-javac\2.8.4\plexus-compiler-javac-2.8.4.jar;C:\Users\Jarvis\workspace\StockDataProject\.repository\org\apache\maven\plugins\maven-surefire-plugin\3.0.0-M1\maven-surefire-plugin-3.0.0-M1.jar;C:\Users\Jarvis\workspace\StockDataProject\.repository\org\apache\maven\surefire\maven-surefire-common\3.0.0-M1\maven-surefire-common-3.0.0-M1.jar;C:\Users\Jarvis\workspace\StockDataProject\.repository\org\apache\maven\surefire\surefire-api\3.0.0-M1\surefire-api-3.0.0-M1.jar;C:\Users\Jarvis\workspace\StockDataProject\.repository\org\apache\maven\surefire\surefire-logger-api\3.0.0-M1\surefire-logger-api-3.0.0-M1.jar;C:\Users\Jarvis\workspace\StockDataProject\.repository\org\apache\maven\surefire\surefire-booter\3.0.0-M1\surefire-booter-3.0.0-M1.jar;C:\Users\Jarvis\workspace\StockDataProject\.repository\org\apache\maven\maven-toolchain\3.0-alpha-2\maven-toolchain-3.0-alpha-2.jar;C:\Users\Jarvis\workspace\StockDataProject\.repository\org\apache\maven\maven-compat\3.0-alpha-2\maven-compat-3.0-alpha-2.jar;C:\Users\Jarvis\workspace\StockDataProject\.repository\org\codehaus\plexus\plexus-container-default\1.0-beta-3.0.5\plexus-container-default-1.0-beta-3.0.5.jar;C:\Users\Jarvis\workspace\StockDataProject\.repository\org\apache\xbean\xbean-reflect\3.4\xbean-reflect-3.4.jar;C:\Users\Jarvis\workspace\StockDataProject\.repository\log4j\log4j\1.2.12\log4j-1.2.12.jar;C:\Users\Jarvis\workspace\StockDataProject\.repository\commons-logging\commons-logging-api\1.1\commons-logging-api-1.1.jar;C:\Users\Jarvis\workspace\StockDataProject\.repository\com\google\code\google-collections\google-collect\snapshot-20080530\google-collect-snapshot-20080530.jar;C:\Users\Jarvis\workspace\StockDataProject\.repository\org\apache\maven\wagon\wagon-provider-api\1.0-beta-4\wagon-provider-api-1.0-beta-4.jar;"/>
    <property name="sun.cpu.endian" value="little"/>
    <property name="user.home" value="C:\Windows\system32\config\systemprofile"/>
    <property name="user.language" value="en"/>
    <property name="java.specification.vendor" value="Oracle Corporation"/>
    <property name="java.home" value="C:\Program Files\Java\jdk1.8.0_171\jre"/>
    <property name="basedir" value="C:\Users\Jarvis\workspace\StockDataProject\StockData"/>
    <property name="file.separator" value="\"/>
    <property name="line.separator" value="&#10;"/>
    <property name="java.vm.specification.vendor" value="Oracle Corporation"/>
    <property name="java.specification.name" value="Java Platform API Specification"/>
    <property name="java.awt.graphicsenv" value="sun.awt.Win32GraphicsEnvironment"/>
    <property name="surefire.real.class.path" value="C:\Windows\TEMP\surefire5621131219021104545\surefirebooter3865159144841393346.jar"/>
    <property name="sun.boot.class.path" value="C:\Program Files\Java\jdk1.8.0_171\jre\lib\resources.jar;C:\Program Files\Java\jdk1.8.0_171\jre\lib\rt.jar;C:\Program Files\Java\jdk1.8.0_171\jre\lib\sunrsasign.jar;C:\Program Files\Java\jdk1.8.0_171\jre\lib\jsse.jar;C:\Program Files\Java\jdk1.8.0_171\jre\lib\jce.jar;C:\Program Files\Java\jdk1.8.0_171\jre\lib\charsets.jar;C:\Program Files\Java\jdk1.8.0_171\jre\lib\jfr.jar;C:\Program Files\Java\jdk1.8.0_171\jre\classes"/>
    <property name="user.script" value=""/>
    <property name="sun.management.compiler" value="HotSpot 64-Bit Tiered Compilers"/>
    <property name="java.runtime.version" value="1.8.0_171-b11"/>
    <property name="user.name" value="JARVIS-PC$"/>
    <property name="path.separator" value=";"/>
    <property name="os.version" value="6.1"/>
    <property name="java.endorsed.dirs" value="C:\Program Files\Java\jdk1.8.0_171\jre\lib\endorsed"/>
    <property name="java.runtime.name" value="Java(TM) SE Runtime Environment"/>
    <property name="file.encoding" value="Cp1252"/>
    <property name="java.vm.name" value="Java HotSpot(TM) 64-Bit Server VM"/>
    <property name="localRepository" value="C:\Users\Jarvis\workspace\StockDataProject\.repository"/>
    <property name="java.vendor.url.bug" value="http://bugreport.sun.com/bugreport/"/>
    <property name="java.io.tmpdir" value="C:\Windows\TEMP\"/>
    <property name="java.version" value="1.8.0_171"/>
    <property name="user.dir" value="C:\Users\Jarvis\workspace\StockDataProject\StockData"/>
    <property name="os.arch" value="amd64"/>
    <property name="java.vm.specification.name" value="Java Virtual Machine Specification"/>
    <property name="java.awt.printerjob" value="sun.awt.windows.WPrinterJob"/>
    <property name="sun.os.patch.level" value=""/>
    <property name="java.library.path" value="C:\Program Files\Java\jdk1.8.0_171\jre\bin;C:\Windows\Sun\Java\bin;C:\Windows\system32;C:\Windows;C:\Apache Maven\apache-maven-3.5.4/bin;C:\Program Files\Java\jdk1.8.0_171/bin;C:\Program Files\Java\jdk1.8.0_171/bin;C:\Windows\system32;C:\Windows;C:\Windows\System32\Wbem;C:\Windows\System32\WindowsPowerShell\v1.0\;c:\Program Files (x86)\ATI Technologies\ATI.ACE\Core-Static;C:\Program Files\Java\jdk1.8.0_171\bin;C:\Android;C:\Windows\System32;C:\Apache Maven\apache-maven-3.5.4\bin;C:\Program Files\Java\jdk1.8.0_171/bin;;."/>
    <property name="java.vm.info" value="mixed mode"/>
    <property name="java.vendor" value="Oracle Corporation"/>
    <property name="java.vm.version" value="25.171-b11"/>
    <property name="java.ext.dirs" value="C:\Program Files\Java\jdk1.8.0_171\jre\lib\ext;C:\Windows\Sun\Java\lib\ext"/>
    <property name="sun.io.unicode.encoding" value="UnicodeLittle"/>
    <property name="maven.repo.local" value="C:\Users\Jarvis\workspace\StockDataProject\.repository"/>
    <property name="java.class.version" value="52.0"/>
  </properties>
  <testcase name="GetStockData" classname="StockDataMain.StockMainClass" time="1.607">
    <failure message="no such element: Unable to locate element: {&quot;method&quot;:&quot;xpath&quot;,&quot;selector&quot;:&quot;//*[@id=&apos;ctl00_ContentPlaceHolder1_lblann&apos;]/table&quot;}&#10;  (Session info: chrome=71.0.3578.98)&#10;  (Driver info: chromedriver=2.38.552522 (437e6fbedfa8762dec75e2c5b3ddb86763dc9dcb),platform=Windows NT 6.1.7600 x86_64) (WARNING: The server did not provide any stacktrace information)&#10;Command duration or timeout: 478 milliseconds&#10;For documentation on this error, please visit: http://seleniumhq.org/exceptions/no_such_element.html&#10;Build info: version: &apos;2.53.0&apos;, revision: &apos;35ae25b1534ae328c771e0856c93e187490ca824&apos;, time: &apos;2016-03-15 10:43:46&apos;&#10;System info: host: &apos;Jarvis-PC&apos;, ip: &apos;192.168.133.1&apos;, os.name: &apos;Windows 7&apos;, os.arch: &apos;amd64&apos;, os.version: &apos;6.1&apos;, java.version: &apos;1.8.0_171&apos;&#10;Driver info: org.openqa.selenium.chrome.ChromeDriver&#10;Capabilities [{applicationCacheEnabled=false, rotatable=false, mobileEmulationEnabled=false, networkConnectionEnabled=false, chrome={chromedriverVersion=2.38.552522 (437e6fbedfa8762dec75e2c5b3ddb86763dc9dcb), userDataDir=C:\Windows\TEMP\scoped_dir4092_26942}, takesHeapSnapshot=true, pageLoadStrategy=normal, databaseEnabled=false, handlesAlerts=true, hasTouchScreen=false, version=71.0.3578.98, platform=XP, browserConnectionEnabled=false, nativeEvents=true, acceptSslCerts=false, acceptInsecureCerts=false, locationContextEnabled=true, webStorageEnabled=true, browserName=chrome, takesScreenshot=true, javascriptEnabled=true, cssSelectorsEnabled=true, setWindowRect=true, unexpectedAlertBehaviour=}]&#10;Session ID: 934b6be0c2951a3d1eaa507ff5e8dc65&#10;*** Element info: {Using=xpath, value=//*[@id=&apos;ctl00_ContentPlaceHolder1_lblann&apos;]/table}" type="org.openqa.selenium.NoSuchElementException">org.openqa.selenium.NoSuchElementException: 
no such element: Unable to locate element: {"method":"xpath","selector":"//*[@id='ctl00_ContentPlaceHolder1_lblann']/table"}
  (Session info: chrome=71.0.3578.98)
  (Driver info: chromedriver=2.38.552522 (437e6fbedfa8762dec75e2c5b3ddb86763dc9dcb),platform=Windows NT 6.1.7600 x86_64) (WARNING: The server did not provide any stacktrace information)
Command duration or timeout: 478 milliseconds
For documentation on this error, please visit: http://seleniumhq.org/exceptions/no_such_element.html
Build info: version: '2.53.0', revision: '35ae25b1534ae328c771e0856c93e187490ca824', time: '2016-03-15 10:43:46'
System info: host: 'Jarvis-PC', ip: '192.168.133.1', os.name: 'Windows 7', os.arch: 'amd64', os.version: '6.1', java.version: '1.8.0_171'
Driver info: org.openqa.selenium.chrome.ChromeDriver
Capabilities [{applicationCacheEnabled=false, rotatable=false, mobileEmulationEnabled=false, networkConnectionEnabled=false, chrome={chromedriverVersion=2.38.552522 (437e6fbedfa8762dec75e2c5b3ddb86763dc9dcb), userDataDir=C:\Windows\TEMP\scoped_dir4092_26942}, takesHeapSnapshot=true, pageLoadStrategy=normal, databaseEnabled=false, handlesAlerts=true, hasTouchScreen=false, version=71.0.3578.98, platform=XP, browserConnectionEnabled=false, nativeEvents=true, acceptSslCerts=false, acceptInsecureCerts=false, locationContextEnabled=true, webStorageEnabled=true, browserName=chrome, takesScreenshot=true, javascriptEnabled=true, cssSelectorsEnabled=true, setWindowRect=true, unexpectedAlertBehaviour=}]
Session ID: 934b6be0c2951a3d1eaa507ff5e8dc65
*** Element info: {Using=xpath, value=//*[@id='ctl00_ContentPlaceHolder1_lblann']/table}
	at StockDataMain.StockMainClass.GetStockData(StockMainClass.java:42)
</failure>
    <system-err><![CDATA[Starting ChromeDriver 2.38.552522 (437e6fbedfa8762dec75e2c5b3ddb86763dc9dcb) on port 3414
Only local connections are allowed.
log4j:WARN No appenders could be found for logger (org.apache.http.client.protocol.RequestAddCookies).
log4j:WARN Please initialize the log4j system properly.
]]></system-err>
  </testcase>
</testsuite>